Using pre-set license
Built from '2021.3/staging' branch; Version is '2021.3.23f1 (213b516bf396) revision 2177873'; Using compiler version '192829333'; Build Type 'Release'
OS: 'Windows 11  (10.0.22621) 64bit Core' Language: 'ko' Physical Memory: 16310 MB
BatchMode: 1, IsHumanControllingUs: 0, StartBugReporterOnCrash: 0, Is64bit: 1, IsPro: 1

COMMAND LINE ARGUMENTS:
C:\Program Files\Unity\Hub\Editor\2021.3.23f1\Editor\Unity.exe
-adb2
-batchMode
-noUpm
-name
AssetImportWorker2
-projectPath
C:/Users/tnwl1/Documents/GitHub/Amusement-Park-Maker/Amusement Park Maker
-logFile
Logs/AssetImportWorker2.log
-srvPort
50837
Successfully changed project path to: C:/Users/tnwl1/Documents/GitHub/Amusement-Park-Maker/Amusement Park Maker
C:/Users/tnwl1/Documents/GitHub/Amusement-Park-Maker/Amusement Park Maker
[UnityMemory] Configuration Parameters - Can be set up in boot.config
    "memorysetup-bucket-allocator-granularity=16"
    "memorysetup-bucket-allocator-bucket-count=8"
    "memorysetup-bucket-allocator-block-size=33554432"
    "memorysetup-bucket-allocator-block-count=8"
    "memorysetup-main-allocator-block-size=16777216"
    "memorysetup-thread-allocator-block-size=16777216"
    "memorysetup-gfx-main-allocator-block-size=16777216"
    "memorysetup-gfx-thread-allocator-block-size=16777216"
    "memorysetup-cache-allocator-block-size=4194304"
    "memorysetup-typetree-allocator-block-size=2097152"
    "memorysetup-profiler-bucket-allocator-granularity=16"
    "memorysetup-profiler-bucket-allocator-bucket-count=8"
    "memorysetup-profiler-bucket-allocator-block-size=33554432"
    "memorysetup-profiler-bucket-allocator-block-count=8"
    "memorysetup-profiler-allocator-block-size=16777216"
    "memorysetup-profiler-editor-allocator-block-size=1048576"
    "memorysetup-temp-allocator-size-main=16777216"
    "memorysetup-job-temp-allocator-block-size=2097152"
    "memorysetup-job-temp-allocator-block-size-background=1048576"
    "memorysetup-job-temp-allocator-reduction-small-platforms=262144"
    "memorysetup-temp-allocator-size-background-worker=32768"
    "memorysetup-temp-allocator-size-job-worker=262144"
    "memorysetup-temp-allocator-size-preload-manager=33554432"
    "memorysetup-temp-allocator-size-nav-mesh-worker=65536"
    "memorysetup-temp-allocator-size-audio-worker=65536"
    "memorysetup-temp-allocator-size-cloud-worker=32768"
    "memorysetup-temp-allocator-size-gi-baking-worker=262144"
    "memorysetup-temp-allocator-size-gfx=262144"
Player connection [27052] Host "[IP] 192.168.0.19 [Port] 0 [Flags] 2 [Guid] 354917847 [EditorId] 354917847 [Version] 1048832 [Id] WindowsEditor(7,SJPC) [Debug] 1 [PackageName] WindowsEditor [ProjectName] Editor" joined multi-casting on [225.0.0.222:54997]...

Player connection [27052] Host "[IP] 192.168.0.19 [Port] 0 [Flags] 2 [Guid] 354917847 [EditorId] 354917847 [Version] 1048832 [Id] WindowsEditor(7,SJPC) [Debug] 1 [PackageName] WindowsEditor [ProjectName] Editor" joined alternative multi-casting on [225.0.0.222:34997]...

Refreshing native plugins compatible for Editor in 66.77 ms, found 3 plugins.
Preloading 0 native plugins for Editor in 0.00 ms.
Initialize engine version: 2021.3.23f1 (213b516bf396)
[Subsystems] Discovering subsystems at path C:/Program Files/Unity/Hub/Editor/2021.3.23f1/Editor/Data/Resources/UnitySubsystems
[Subsystems] Discovering subsystems at path C:/Users/tnwl1/Documents/GitHub/Amusement-Park-Maker/Amusement Park Maker/Assets
GfxDevice: creating device client; threaded=0; jobified=0
Direct3D:
    Version:  Direct3D 11.0 [level 11.1]
    Renderer: NVIDIA GeForce RTX 3060 (ID=0x2504)
    Vendor:   NVIDIA
    VRAM:     12129 MB
    Driver:   31.0.15.2647
Initialize mono
Mono path[0] = 'C:/Program Files/Unity/Hub/Editor/2021.3.23f1/Editor/Data/Managed'
Mono path[1] = 'C:/Program Files/Unity/Hub/Editor/2021.3.23f1/Editor/Data/MonoBleedingEdge/lib/mono/unityjit-win32'
Mono config path = 'C:/Program Files/Unity/Hub/Editor/2021.3.23f1/Editor/Data/MonoBleedingEdge/etc'
Using monoOptions --debugger-agent=transport=dt_socket,embedding=1,server=y,suspend=n,address=127.0.0.1:56996
Begin MonoManager ReloadAssembly
Registering precompiled unity dll's ...
Register platform support module: C:/Program Files/Unity/Hub/Editor/2021.3.23f1/Editor/Data/PlaybackEngines/WebGLSupport/UnityEditor.WebGL.Extensions.dll
Register platform support module: C:/Program Files/Unity/Hub/Editor/2021.3.23f1/Editor/Data/PlaybackEngines/WindowsStandaloneSupport/UnityEditor.WindowsStandalone.Extensions.dll
Registered in 0.005428 seconds.
Native extension for WindowsStandalone target not found
Native extension for WebGL target not found
Refreshing native plugins compatible for Editor in 62.64 ms, found 3 plugins.
Preloading 0 native plugins for Editor in 0.00 ms.
Mono: successfully reloaded assembly
- Completed reload, in  0.455 seconds
Domain Reload Profiling:
	ReloadAssembly (456ms)
		BeginReloadAssembly (63ms)
			ExecutionOrderSort (0ms)
			DisableScriptedObjects (0ms)
			BackupInstance (0ms)
			ReleaseScriptingObjects (0ms)
			CreateAndSetChildDomain (1ms)
		EndReloadAssembly (316ms)
			LoadAssemblies (61ms)
			RebuildTransferFunctionScriptingTraits (0ms)
			SetupTypeCache (68ms)
			ReleaseScriptCaches (0ms)
			RebuildScriptCaches (17ms)
			SetupLoadedEditorAssemblies (195ms)
				LogAssemblyErrors (0ms)
				InitializePlatformSupportModulesInManaged (7ms)
				SetLoadedEditorAssemblies (0ms)
				RefreshPlugins (63ms)
				BeforeProcessingInitializeOnLoad (1ms)
				ProcessInitializeOnLoadAttributes (86ms)
				ProcessInitializeOnLoadMethodAttributes (38ms)
				AfterProcessingInitializeOnLoad (0ms)
				EditorAssembliesLoaded (0ms)
			ExecutionOrderSort2 (0ms)
			AwakeInstancesAfterBackupRestoration (0ms)
Platform modules already initialized, skipping
Registering precompiled user dll's ...
Registered in 0.005823 seconds.
Begin MonoManager ReloadAssembly
Symbol file LoadedFromMemory doesn't match image C:\Users\tnwl1\Documents\GitHub\Amusement-Park-Maker\Amusement Park Maker\Library\PackageCache\com.unity.visualscripting@1.8.0\Editor\VisualScripting.Core\Dependencies\YamlDotNet\Unity.VisualScripting.YamlDotNet.dll
Symbol file LoadedFromMemory doesn't match image C:\Users\tnwl1\Documents\GitHub\Amusement-Park-Maker\Amusement Park Maker\Library\PackageCache\com.unity.visualscripting@1.8.0\Editor\VisualScripting.Core\Dependencies\DotNetZip\Unity.VisualScripting.IonicZip.dll
Native extension for WindowsStandalone target not found
Native extension for WebGL target not found
Refreshing native plugins compatible for Editor in 0.96 ms, found 3 plugins.
Preloading 0 native plugins for Editor in 0.00 ms.
Mono: successfully reloaded assembly
- Completed reload, in  0.730 seconds
Domain Reload Profiling:
	ReloadAssembly (731ms)
		BeginReloadAssembly (84ms)
			ExecutionOrderSort (0ms)
			DisableScriptedObjects (4ms)
			BackupInstance (0ms)
			ReleaseScriptingObjects (0ms)
			CreateAndSetChildDomain (15ms)
		EndReloadAssembly (571ms)
			LoadAssemblies (61ms)
			RebuildTransferFunctionScriptingTraits (0ms)
			SetupTypeCache (181ms)
			ReleaseScriptCaches (0ms)
			RebuildScriptCaches (34ms)
			SetupLoadedEditorAssemblies (270ms)
				LogAssemblyErrors (0ms)
				InitializePlatformSupportModulesInManaged (8ms)
				SetLoadedEditorAssemblies (1ms)
				RefreshPlugins (1ms)
				BeforeProcessingInitializeOnLoad (66ms)
				ProcessInitializeOnLoadAttributes (173ms)
				ProcessInitializeOnLoadMethodAttributes (15ms)
				AfterProcessingInitializeOnLoad (6ms)
				EditorAssembliesLoaded (0ms)
			ExecutionOrderSort2 (0ms)
			AwakeInstancesAfterBackupRestoration (4ms)
Platform modules already initialized, skipping
========================================================================
Worker process is ready to serve import requests
Launched and connected shader compiler UnityShaderCompiler.exe after 0.05 seconds
Refreshing native plugins compatible for Editor in 0.57 ms, found 3 plugins.
Preloading 0 native plugins for Editor in 0.00 ms.
Unloading 3097 Unused Serialized files (Serialized files now loaded: 0)
Unloading 24 unused Assets / (114.0 KB). Loaded Objects now: 3582.
Memory consumption went from 124.5 MB to 124.4 MB.
Total: 2.569300 ms (FindLiveObjects: 0.202100 ms CreateObjectMapping: 0.112300 ms MarkObjects: 2.168400 ms  DeleteObjects: 0.085700 ms)

AssetImportParameters requested are different than current active one (requested -> active):
  custom:video-decoder-ogg-theora: a1e56fd34408186e4bbccfd4996cb3dc -> 
  custom:container-muxer-webm: aa71ff27fc2769a1b78a27578f13a17b -> 
  custom:container-demuxer-webm: 4f35f7cbe854078d1ac9338744f61a02 -> 
  custom:video-encoder-webm-vp8: eb34c28f22e8b96e1ab97ce403110664 -> 
  custom:video-codec-MediaFoundation-h265: 746d11721c4dcdbdad8f713fa42b33f4 -> 
  custom:audio-encoder-webm-vorbis: bf7c407c2cedff20999df2af8eb42d56 -> 
  custom:framework-win-MediaFoundation: 216162199b28c13a410421893ffa2e32 -> 
  custom:container-demuxer-ogg: 62fdf1f143b41e24485cea50d1cbac27 -> 
  custom:video-decoder-webm-vp8: 9c59270c3fd7afecdb556c50c9e8de78 -> 
  custom:audio-decoder-ogg-vorbis: bf7c407c2cedff20999df2af8eb42d56 -> 
========================================================================
Received Import Request.
  Time since last request: 6998.272355 seconds.
  path: Assets/Ani/Ch46_nonPBR@Walking (1).fbx
  artifactKey: Guid(a2e8fc1870fcebe49a2563bf9e341582) Importer(815301076,1909f56bfc062723c751e8b465ee728b)
Start importing Assets/Ani/Ch46_nonPBR@Walking (1).fbx using Guid(a2e8fc1870fcebe49a2563bf9e341582) Importer(815301076,1909f56bfc062723c751e8b465ee728b)  -> (artifact id: 'ff0021ed4f1b5be67b99abc2d4f250f8') in 0.171151 seconds 
========================================================================
Received Import Request.
  Time since last request: 49.767629 seconds.
  path: Assets/Ani/Ch46_nonPBR.fbx
  artifactKey: Guid(a7b7770a655e9d44b8b7241416990c31) Importer(815301076,1909f56bfc062723c751e8b465ee728b)
Start importing Assets/Ani/Ch46_nonPBR.fbx using Guid(a7b7770a655e9d44b8b7241416990c31) Importer(815301076,1909f56bfc062723c751e8b465ee728b)  -> (artifact id: '76cee84b646f089e49023e097df9625f') in 0.079602 seconds 
========================================================================
Received Import Request.
  Time since last request: 9.824240 seconds.
  path: Assets/Ani/Ch46_nonPBR.fbx
  artifactKey: Guid(a7b7770a655e9d44b8b7241416990c31) Importer(815301076,1909f56bfc062723c751e8b465ee728b)
Start importing Assets/Ani/Ch46_nonPBR.fbx using Guid(a7b7770a655e9d44b8b7241416990c31) Importer(815301076,1909f56bfc062723c751e8b465ee728b)  -> (artifact id: '9088c72e6f9020747740ea66db4b6b26') in 0.051276 seconds 
========================================================================
Received Import Request.
  Time since last request: 1.384171 seconds.
  path: Assets/Ani/Ch46_nonPBR@Walking (1).controller
  artifactKey: Guid(d3b777a5810ffca43b57e42e3fcdc616) Importer(815301076,1909f56bfc062723c751e8b465ee728b)
Start importing Assets/Ani/Ch46_nonPBR@Walking (1).controller using Guid(d3b777a5810ffca43b57e42e3fcdc616) Importer(815301076,1909f56bfc062723c751e8b465ee728b)  -> (artifact id: 'f4bfbe8011e849c8472008338c8e94e9') in 0.006432 seconds 
========================================================================
Received Import Request.
  Time since last request: 196.181048 seconds.
  path: Assets/Ani/New Animation.anim
  artifactKey: Guid(2892c2f9d994d9e44b88bba86581f4d7) Importer(815301076,1909f56bfc062723c751e8b465ee728b)
Start importing Assets/Ani/New Animation.anim using Guid(2892c2f9d994d9e44b88bba86581f4d7) Importer(815301076,1909f56bfc062723c751e8b465ee728b)  -> (artifact id: '01355ee01eb23677c1198b9917149b4b') in 0.008870 seconds 
========================================================================
Received Prepare
Registering precompiled user dll's ...
Registered in 0.004641 seconds.
Begin MonoManager ReloadAssembly
Symbol file LoadedFromMemory doesn't match image C:\Users\tnwl1\Documents\GitHub\Amusement-Park-Maker\Amusement Park Maker\Library\PackageCache\com.unity.visualscripting@1.8.0\Editor\VisualScripting.Core\Dependencies\YamlDotNet\Unity.VisualScripting.YamlDotNet.dll
Symbol file LoadedFromMemory doesn't match image C:\Users\tnwl1\Documents\GitHub\Amusement-Park-Maker\Amusement Park Maker\Library\PackageCache\com.unity.visualscripting@1.8.0\Editor\VisualScripting.Core\Dependencies\DotNetZip\Unity.VisualScripting.IonicZip.dll
Native extension for WindowsStandalone target not found
Native extension for WebGL target not found
Refreshing native plugins compatible for Editor in 0.61 ms, found 3 plugins.
Preloading 0 native plugins for Editor in 0.00 ms.
Mono: successfully reloaded assembly
- Completed reload, in  0.694 seconds
Domain Reload Profiling:
	ReloadAssembly (694ms)
		BeginReloadAssembly (117ms)
			ExecutionOrderSort (0ms)
			DisableScriptedObjects (3ms)
			BackupInstance (0ms)
			ReleaseScriptingObjects (0ms)
			CreateAndSetChildDomain (35ms)
		EndReloadAssembly (506ms)
			LoadAssemblies (64ms)
			RebuildTransferFunctionScriptingTraits (0ms)
			SetupTypeCache (173ms)
			ReleaseScriptCaches (1ms)
			RebuildScriptCaches (25ms)
			SetupLoadedEditorAssemblies (212ms)
				LogAssemblyErrors (0ms)
				InitializePlatformSupportModulesInManaged (5ms)
				SetLoadedEditorAssemblies (0ms)
				RefreshPlugins (1ms)
				BeforeProcessingInitializeOnLoad (50ms)
				ProcessInitializeOnLoadAttributes (137ms)
				ProcessInitializeOnLoadMethodAttributes (13ms)
				AfterProcessingInitializeOnLoad (7ms)
				EditorAssembliesLoaded (0ms)
			ExecutionOrderSort2 (0ms)
			AwakeInstancesAfterBackupRestoration (5ms)
Platform modules already initialized, skipping
Refreshing native plugins compatible for Editor in 1.56 ms, found 3 plugins.
Preloading 0 native plugins for Editor in 0.00 ms.
Unloading 3081 Unused Serialized files (Serialized files now loaded: 0)
Unloading 17 unused Assets / (80.8 KB). Loaded Objects now: 3632.
Memory consumption went from 140.8 MB to 140.7 MB.
Total: 2.408900 ms (FindLiveObjects: 0.205600 ms CreateObjectMapping: 0.068600 ms MarkObjects: 2.066300 ms  DeleteObjects: 0.067800 ms)

AssetImportParameters requested are different than current active one (requested -> active):
  custom:video-decoder-ogg-theora: a1e56fd34408186e4bbccfd4996cb3dc -> 
  custom:container-muxer-webm: aa71ff27fc2769a1b78a27578f13a17b -> 
  custom:container-demuxer-webm: 4f35f7cbe854078d1ac9338744f61a02 -> 
  custom:video-encoder-webm-vp8: eb34c28f22e8b96e1ab97ce403110664 -> 
  custom:video-codec-MediaFoundation-h265: 746d11721c4dcdbdad8f713fa42b33f4 -> 
  custom:audio-encoder-webm-vorbis: bf7c407c2cedff20999df2af8eb42d56 -> 
  custom:framework-win-MediaFoundation: 216162199b28c13a410421893ffa2e32 -> 
  custom:container-demuxer-ogg: 62fdf1f143b41e24485cea50d1cbac27 -> 
  custom:video-decoder-webm-vp8: 9c59270c3fd7afecdb556c50c9e8de78 -> 
  custom:audio-decoder-ogg-vorbis: bf7c407c2cedff20999df2af8eb42d56 -> 
========================================================================
Received Import Request.
  Time since last request: 1994.802310 seconds.
  path: Assets/simple modular human
  artifactKey: Guid(0508fb5951ee64844a2e8a17f3f41ab3) Importer(815301076,1909f56bfc062723c751e8b465ee728b)
Start importing Assets/simple modular human using Guid(0508fb5951ee64844a2e8a17f3f41ab3) Importer(815301076,1909f56bfc062723c751e8b465ee728b)  -> (artifact id: 'b5b8aeb4fa5b03838a6525cbbadb07e9') in 0.013735 seconds 
========================================================================
Received Import Request.
  Time since last request: 0.048766 seconds.
  path: Assets/simple modular human/Info_a.png
  artifactKey: Guid(f5a3249918d9333479567375417d9200) Importer(815301076,1909f56bfc062723c751e8b465ee728b)
Start importing Assets/simple modular human/Info_a.png using Guid(f5a3249918d9333479567375417d9200) Importer(815301076,1909f56bfc062723c751e8b465ee728b)  -> (artifact id: '7d69fd60cc94fecb9c1bf3ed7278ba9c') in 0.059534 seconds 
========================================================================
Received Import Request.
  Time since last request: 3.167629 seconds.
  path: Assets/simple modular human/scripts
  artifactKey: Guid(66b0084a4c2b2fc49bd4cea84a353d6a) Importer(815301076,1909f56bfc062723c751e8b465ee728b)
Start importing Assets/simple modular human/scripts using Guid(66b0084a4c2b2fc49bd4cea84a353d6a) Importer(815301076,1909f56bfc062723c751e8b465ee728b)  -> (artifact id: 'c03f417cc0e3b0582c723444492af9fe') in 0.007570 seconds 
========================================================================
Received Import Request.
  Time since last request: 2.595910 seconds.
  path: Assets/simple modular human/prefabs
  artifactKey: Guid(1254f398e4bd22b47b78719faa1b20a3) Importer(815301076,1909f56bfc062723c751e8b465ee728b)
Start importing Assets/simple modular human/prefabs using Guid(1254f398e4bd22b47b78719faa1b20a3) Importer(815301076,1909f56bfc062723c751e8b465ee728b)  -> (artifact id: '89530d29cc811a55cb88735b101427d8') in 0.007269 seconds 
========================================================================
Received Import Request.
  Time since last request: 0.043747 seconds.
  path: Assets/simple modular human/prefabs/9mm_prefab.prefab
  artifactKey: Guid(0b252c8c2ac42104aa3f45b40304bdbe) Importer(815301076,1909f56bfc062723c751e8b465ee728b)
Start importing Assets/simple modular human/prefabs/9mm_prefab.prefab using Guid(0b252c8c2ac42104aa3f45b40304bdbe) Importer(815301076,1909f56bfc062723c751e8b465ee728b)  -> (artifact id: 'e1201645ee7d5c9b3e1405323f36565e') in 0.052346 seconds 
========================================================================
Received Import Request.
  Time since last request: 0.000014 seconds.
  path: Assets/simple modular human/prefabs/fireaxe_prefab.prefab
  artifactKey: Guid(4c82e14df58323a4eab2a14cf090eac6) Importer(815301076,1909f56bfc062723c751e8b465ee728b)
Start importing Assets/simple modular human/prefabs/fireaxe_prefab.prefab using Guid(4c82e14df58323a4eab2a14cf090eac6) Importer(815301076,1909f56bfc062723c751e8b465ee728b)  -> (artifact id: '58578d1d1b467f685f28b11cc96cc1b5') in 0.012050 seconds 
========================================================================
Received Import Request.
  Time since last request: 0.000015 seconds.
  path: Assets/simple modular human/prefabs/Custom simple human_prefab.prefab
  artifactKey: Guid(d6112008cba14c147b799fa5f0944f3d) Importer(815301076,1909f56bfc062723c751e8b465ee728b)
Start importing Assets/simple modular human/prefabs/Custom simple human_prefab.prefab using Guid(d6112008cba14c147b799fa5f0944f3d) Importer(815301076,1909f56bfc062723c751e8b465ee728b)  -> (artifact id: 'de398458af5095a53a9c7497d1c67aec') in 0.079465 seconds 
========================================================================
Received Import Request.
  Time since last request: 1.192446 seconds.
  path: Assets/simple modular human/prefabs/test terrain prefabs
  artifactKey: Guid(93f4ee3a77722fe40949902ebc2fd2c5) Importer(815301076,1909f56bfc062723c751e8b465ee728b)
Start importing Assets/simple modular human/prefabs/test terrain prefabs using Guid(93f4ee3a77722fe40949902ebc2fd2c5) Importer(815301076,1909f56bfc062723c751e8b465ee728b)  -> (artifact id: '41130813c6477df87de9e62dfdaf1418') in 0.007762 seconds 
========================================================================
Received Import Request.
  Time since last request: 0.040766 seconds.
  path: Assets/simple modular human/prefabs/test terrain prefabs/bench_prefab.prefab
  artifactKey: Guid(7728c91b439a73041b6564c3b5559436) Importer(815301076,1909f56bfc062723c751e8b465ee728b)
Start importing Assets/simple modular human/prefabs/test terrain prefabs/bench_prefab.prefab using Guid(7728c91b439a73041b6564c3b5559436) Importer(815301076,1909f56bfc062723c751e8b465ee728b)  -> (artifact id: 'af8ab48ed8bf60afc91c82de25a812b1') in 0.137469 seconds 
========================================================================
Received Import Request.
  Time since last request: 0.000018 seconds.
  path: Assets/simple modular human/prefabs/test terrain prefabs/table_prefab.prefab
  artifactKey: Guid(29e082c527356154e98a5737506dfb69) Importer(815301076,1909f56bfc062723c751e8b465ee728b)
Start importing Assets/simple modular human/prefabs/test terrain prefabs/table_prefab.prefab using Guid(29e082c527356154e98a5737506dfb69) Importer(815301076,1909f56bfc062723c751e8b465ee728b)  -> (artifact id: 'cae9d2063ed8f72b4a63338b40920824') in 0.011615 seconds 
========================================================================
Received Import Request.
  Time since last request: 0.000023 seconds.
  path: Assets/simple modular human/prefabs/test terrain prefabs/Custom simple human_prefab_test.prefab
  artifactKey: Guid(066b9035b24027d409065149bf09ed1b) Importer(815301076,1909f56bfc062723c751e8b465ee728b)
Start importing Assets/simple modular human/prefabs/test terrain prefabs/Custom simple human_prefab_test.prefab using Guid(066b9035b24027d409065149bf09ed1b) Importer(815301076,1909f56bfc062723c751e8b465ee728b)  -> (artifact id: 'efb3e5340d2e9e164c28b1a02c93c95d') in 0.129980 seconds 
========================================================================
Received Import Request.
  Time since last request: 4.878154 seconds.
  path: Assets/simple modular human/source_files
  artifactKey: Guid(08c993015dcabee42bc4e66a32ec8851) Importer(815301076,1909f56bfc062723c751e8b465ee728b)
Start importing Assets/simple modular human/source_files using Guid(08c993015dcabee42bc4e66a32ec8851) Importer(815301076,1909f56bfc062723c751e8b465ee728b)  -> (artifact id: '26c2a86cde866981cf24c3bba35e43df') in 0.007073 seconds 
========================================================================
Received Import Request.
  Time since last request: 0.267379 seconds.
  path: Assets/simple modular human/source_files/Custom simple human.fbx
  artifactKey: Guid(d83e07c47cb17454bbddbc5dd7574150) Importer(815301076,1909f56bfc062723c751e8b465ee728b)
Start importing Assets/simple modular human/source_files/Custom simple human.fbx using Guid(d83e07c47cb17454bbddbc5dd7574150) Importer(815301076,1909f56bfc062723c751e8b465ee728b)  -> (artifact id: '94bac6b30c8c8d178f6188e5a4194578') in 0.358904 seconds 
========================================================================
Received Import Request.
  Time since last request: 2.190353 seconds.
  path: Assets/simple modular human/texture_materials
  artifactKey: Guid(a970326df59ccad469bfd63cbc94261e) Importer(815301076,1909f56bfc062723c751e8b465ee728b)
Start importing Assets/simple modular human/texture_materials using Guid(a970326df59ccad469bfd63cbc94261e) Importer(815301076,1909f56bfc062723c751e8b465ee728b)  -> (artifact id: 'e786fa50199233af97b8a2671c4c95e1') in 0.007099 seconds 
========================================================================
Received Import Request.
  Time since last request: 2.065071 seconds.
  path: Assets/simple modular human/texture_materials/props
  artifactKey: Guid(3bf3748b848721446a94359f25b75264) Importer(815301076,1909f56bfc062723c751e8b465ee728b)
Start importing Assets/simple modular human/texture_materials/props using Guid(3bf3748b848721446a94359f25b75264) Importer(815301076,1909f56bfc062723c751e8b465ee728b)  -> (artifact id: 'b07bb585cc424511f245be16315905ad') in 0.006858 seconds 
========================================================================
Received Import Request.
  Time since last request: 0.088486 seconds.
  path: Assets/simple modular human/texture_materials/props/9mm_bullet.mat
  artifactKey: Guid(f8103c3e099bacf42a20d6539f90ec2e) Importer(815301076,1909f56bfc062723c751e8b465ee728b)
Start importing Assets/simple modular human/texture_materials/props/9mm_bullet.mat using Guid(f8103c3e099bacf42a20d6539f90ec2e) Importer(815301076,1909f56bfc062723c751e8b465ee728b)  -> (artifact id: '625e3bd71999a694b324f2ffbb5b9dfc') in 0.017906 seconds 
========================================================================
Received Import Request.
  Time since last request: 0.000014 seconds.
  path: Assets/simple modular human/texture_materials/props/phone.png
  artifactKey: Guid(636736c3d56784a4ba15fa73a007f24e) Importer(815301076,1909f56bfc062723c751e8b465ee728b)
Start importing Assets/simple modular human/texture_materials/props/phone.png using Guid(636736c3d56784a4ba15fa73a007f24e) Importer(815301076,1909f56bfc062723c751e8b465ee728b)  -> (artifact id: 'efa2fa4dc1264a68f91413f2df3a897f') in 0.008825 seconds 
========================================================================
Received Import Request.
  Time since last request: 0.000013 seconds.
  path: Assets/simple modular human/texture_materials/props/cigarette_emission.png
  artifactKey: Guid(c0e961376df90c24b85a28d332b15a79) Importer(815301076,1909f56bfc062723c751e8b465ee728b)
Start importing Assets/simple modular human/texture_materials/props/cigarette_emission.png using Guid(c0e961376df90c24b85a28d332b15a79) Importer(815301076,1909f56bfc062723c751e8b465ee728b)  -> (artifact id: '15c7fcb91abeb4f2d65535ee879adea1') in 0.009727 seconds 
========================================================================
Received Import Request.
  Time since last request: 0.000016 seconds.
  path: Assets/simple modular human/texture_materials/props/glock.mat
  artifactKey: Guid(bf4f9dc2617dba846a47596715e80686) Importer(815301076,1909f56bfc062723c751e8b465ee728b)
Start importing Assets/simple modular human/texture_materials/props/glock.mat using Guid(bf4f9dc2617dba846a47596715e80686) Importer(815301076,1909f56bfc062723c751e8b465ee728b)  -> (artifact id: '7e478dd0df07d44a60a1a8eb6a34bbe1') in 0.011176 seconds 
========================================================================
Received Import Request.
  Time since last request: 0.000012 seconds.
  path: Assets/simple modular human/texture_materials/props/cigarette.png
  artifactKey: Guid(54492cb55867b5a45b265f82912b960d) Importer(815301076,1909f56bfc062723c751e8b465ee728b)
Start importing Assets/simple modular human/texture_materials/props/cigarette.png using Guid(54492cb55867b5a45b265f82912b960d) Importer(815301076,1909f56bfc062723c751e8b465ee728b)  -> (artifact id: 'cdfa94320ea0b44a9a8b393707000ccd') in 0.009246 seconds 
========================================================================
Received Import Request.
  Time since last request: 0.000020 seconds.
  path: Assets/simple modular human/texture_materials/props/phone.mat
  artifactKey: Guid(aafc8c09d7c070d4ea0b307004f87cee) Importer(815301076,1909f56bfc062723c751e8b465ee728b)
Start importing Assets/simple modular human/texture_materials/props/phone.mat using Guid(aafc8c09d7c070d4ea0b307004f87cee) Importer(815301076,1909f56bfc062723c751e8b465ee728b)  -> (artifact id: '8e3b3118f6cf4abfdbf17519d2d39989') in 0.011928 seconds 
========================================================================
Received Import Request.
  Time since last request: 1.426710 seconds.
  path: Assets/simple modular human/texture_materials/skins
  artifactKey: Guid(512bfea902e72b749bef16783342ad62) Importer(815301076,1909f56bfc062723c751e8b465ee728b)
Start importing Assets/simple modular human/texture_materials/skins using Guid(512bfea902e72b749bef16783342ad62) Importer(815301076,1909f56bfc062723c751e8b465ee728b)  -> (artifact id: 'b91c2d6cc4fe8f6894293bf063b7ef39') in 0.006722 seconds 
========================================================================
Received Import Request.
  Time since last request: 0.060106 seconds.
  path: Assets/simple modular human/texture_materials/skins/skin.mat
  artifactKey: Guid(876cdc4b3d56a2844975177a3a879816) Importer(815301076,1909f56bfc062723c751e8b465ee728b)
Start importing Assets/simple modular human/texture_materials/skins/skin.mat using Guid(876cdc4b3d56a2844975177a3a879816) Importer(815301076,1909f56bfc062723c751e8b465ee728b)  -> (artifact id: 'a85867bc168d1526623bfa5e8bbafdff') in 0.011551 seconds 
========================================================================
Received Import Request.
  Time since last request: 0.000016 seconds.
  path: Assets/simple modular human/texture_materials/skins/skin_white_brown.png
  artifactKey: Guid(ceabbdf01d99c5a4e956fde76c95c2ed) Importer(815301076,1909f56bfc062723c751e8b465ee728b)
Start importing Assets/simple modular human/texture_materials/skins/skin_white_brown.png using Guid(ceabbdf01d99c5a4e956fde76c95c2ed) Importer(815301076,1909f56bfc062723c751e8b465ee728b)  -> (artifact id: 'a32ecd23b4440f5059054aa7f292636f') in 0.015637 seconds 
========================================================================
Received Import Request.
  Time since last request: 0.000013 seconds.
  path: Assets/simple modular human/texture_materials/skins/skin_white_green.png
  artifactKey: Guid(e7a209c30ebd76d42ae49d88620e5004) Importer(815301076,1909f56bfc062723c751e8b465ee728b)
Start importing Assets/simple modular human/texture_materials/skins/skin_white_green.png using Guid(e7a209c30ebd76d42ae49d88620e5004) Importer(815301076,1909f56bfc062723c751e8b465ee728b)  -> (artifact id: 'f23053496797538955f1879560d7ae68') in 0.010276 seconds 
========================================================================
Received Import Request.
  Time since last request: 327.612485 seconds.
  path: Assets/simple modular human/source_files/test_terrain_source_files
  artifactKey: Guid(c2770cc33853e05489a2dc1337e202d7) Importer(815301076,1909f56bfc062723c751e8b465ee728b)
Start importing Assets/simple modular human/source_files/test_terrain_source_files using Guid(c2770cc33853e05489a2dc1337e202d7) Importer(815301076,1909f56bfc062723c751e8b465ee728b)  -> (artifact id: '05502e35ece8798e2d3a399530b1c7e3') in 0.008714 seconds 
========================================================================
Received Import Request.
  Time since last request: 0.071860 seconds.
  path: Assets/simple modular human/source_files/test_terrain_source_files/bench.fbx
  artifactKey: Guid(dd1d26d716ac8dc48864f38be0569226) Importer(815301076,1909f56bfc062723c751e8b465ee728b)
Start importing Assets/simple modular human/source_files/test_terrain_source_files/bench.fbx using Guid(dd1d26d716ac8dc48864f38be0569226) Importer(815301076,1909f56bfc062723c751e8b465ee728b)  -> (artifact id: 'a2354eb9d5fbfe161049ff29b196ad86') in 0.016559 seconds 
========================================================================
Received Import Request.
  Time since last request: 0.000018 seconds.
  path: Assets/simple modular human/source_files/test_terrain_source_files/tree.fbx
  artifactKey: Guid(f7d430809db406d4796b22fdbc782b1c) Importer(815301076,1909f56bfc062723c751e8b465ee728b)
Start importing Assets/simple modular human/source_files/test_terrain_source_files/tree.fbx using Guid(f7d430809db406d4796b22fdbc782b1c) Importer(815301076,1909f56bfc062723c751e8b465ee728b)  -> (artifact id: '4f8b23679e390ea46ee2955a6d42577c') in 0.015835 seconds 
========================================================================
Received Import Request.
  Time since last request: 0.000028 seconds.
  path: Assets/simple modular human/source_files/test_terrain_source_files/table.fbx
  artifactKey: Guid(ff8c8587bdc929f4e83daab906fa9934) Importer(815301076,1909f56bfc062723c751e8b465ee728b)
Start importing Assets/simple modular human/source_files/test_terrain_source_files/table.fbx using Guid(ff8c8587bdc929f4e83daab906fa9934) Importer(815301076,1909f56bfc062723c751e8b465ee728b)  -> (artifact id: '9e4f4a039fdccb9720c4572ae942d4c3') in 0.016525 seconds 
========================================================================
Received Import Request.
  Time since last request: 0.000018 seconds.
  path: Assets/simple modular human/source_files/test_terrain_source_files/table_chair.fbx
  artifactKey: Guid(33cf74cd4f84f2544ae5675b08f342f0) Importer(815301076,1909f56bfc062723c751e8b465ee728b)
Start importing Assets/simple modular human/source_files/test_terrain_source_files/table_chair.fbx using Guid(33cf74cd4f84f2544ae5675b08f342f0) Importer(815301076,1909f56bfc062723c751e8b465ee728b)  -> (artifact id: '26e3be8bff7e36c15b2959a8f97fffe3') in 0.023062 seconds 
========================================================================
Received Import Request.
  Time since last request: 0.000015 seconds.
  path: Assets/simple modular human/source_files/test_terrain_source_files/umbrella.fbx
  artifactKey: Guid(76ba2f21c19ffef4590219ee683b8b1e) Importer(815301076,1909f56bfc062723c751e8b465ee728b)
Start importing Assets/simple modular human/source_files/test_terrain_source_files/umbrella.fbx using Guid(76ba2f21c19ffef4590219ee683b8b1e) Importer(815301076,1909f56bfc062723c751e8b465ee728b)  -> (artifact id: '9ee9a3bf070e74107ffdd49580c55005') in 0.016633 seconds 
========================================================================
Received Import Request.
  Time since last request: 2.282232 seconds.
  path: Assets/simple modular human/source_files/props/cigarette.fbx
  artifactKey: Guid(a3dc45033c1395049b4c2ba69d070bca) Importer(815301076,1909f56bfc062723c751e8b465ee728b)
Start importing Assets/simple modular human/source_files/props/cigarette.fbx using Guid(a3dc45033c1395049b4c2ba69d070bca) Importer(815301076,1909f56bfc062723c751e8b465ee728b)  -> (artifact id: '5d6cc2c3e9d85d2dce2f6e0d95252315') in 0.014521 seconds 
========================================================================
Received Import Request.
  Time since last request: 0.000013 seconds.
  path: Assets/simple modular human/source_files/props/phone.fbx
  artifactKey: Guid(32964fe5878c5a64396c2962da649106) Importer(815301076,1909f56bfc062723c751e8b465ee728b)
Start importing Assets/simple modular human/source_files/props/phone.fbx using Guid(32964fe5878c5a64396c2962da649106) Importer(815301076,1909f56bfc062723c751e8b465ee728b)  -> (artifact id: '357523e155d387373082d679f732eebe') in 0.015009 seconds 
========================================================================
Received Import Request.
  Time since last request: 0.000014 seconds.
  path: Assets/simple modular human/source_files/props/Glock.fbx
  artifactKey: Guid(6d96e4c06314496409fe758064b891b0) Importer(815301076,1909f56bfc062723c751e8b465ee728b)
Start importing Assets/simple modular human/source_files/props/Glock.fbx using Guid(6d96e4c06314496409fe758064b891b0) Importer(815301076,1909f56bfc062723c751e8b465ee728b)  -> (artifact id: 'b157d5206ca3a43a80906d000b15e10b') in 0.019851 seconds 
Editor requested this worker to shutdown with reason: Scaling down because of idle timeout
AssetImportWorker is now disconnected from the server
Process exiting
Exiting without the bug reporter. Application will terminate with return code 0